<?xml version="1.0" encoding="UTF-8"?>
<!-- Generated by org.testng.reporters.JUnitXMLReporter -->
<testsuite hostname="DESKTOP-11R3298" ignored="3" name="Amazon.ae WebSite Test Cases" tests="1" failures="1" timestamp="17 Mar 2020 18:38:48 GMT" time="18.771" errors="0">
  <testcase name="homePageTitleTest" time="0.018" classname="com.amazon.ae.testcases.HomePageTest">
    <failure type="java.lang.AssertionError" message="expected [Souq is now Amazon.aeee | Welcome to Amazon.ae Online Shopping for Electronics, Apparel, Computers, Grocery &amp;amp; more] but found [Souq is now Amazon.ae | Welcome to Amazon.ae Online Shopping for Electronics, Apparel, Computers, Grocery &amp;amp; more]">
      <![CDATA[java.lang.AssertionError: expected [Souq is now Amazon.aeee | Welcome to Amazon.ae Online Shopping for Electronics, Apparel, Computers, Grocery & more] but found [Souq is now Amazon.ae | Welcome to Amazon.ae Online Shopping for Electronics, Apparel, Computers, Grocery & more]
at com.amazon.ae.testcases.HomePageTest.homePageTitleTest(HomePageTest.java:87)
... Removed 31 stack frames]]>
    </failure>
  </testcase> <!-- homePageTitleTest -->
  <testcase name="verifySearchByText" time="0.0" classname="com.amazon.ae.testcases.HomePageTest">
    <ignored/>
  </testcase> <!-- verifySearchByText -->
  <testcase name="validateUserNameTextTest" time="0.0" classname="com.amazon.ae.testcases.HomePageTest">
    <ignored/>
  </testcase> <!-- validateUserNameTextTest -->
  <testcase name="verifyBestSellersLinkTest" time="0.0" classname="com.amazon.ae.testcases.HomePageTest">
    <ignored/>
  </testcase> <!-- verifyBestSellersLinkTest -->
</testsuite> <!-- Amazon.ae WebSite Test Cases -->
