<?xml version="1.0" encoding="UTF-8"?>
<testng-results skipped="0" failed="1" ignored="3" total="4" passed="0">
  <reporter-output>
  </reporter-output>
  <suite name="Default suite" duration-ms="18529" started-at="2020-03-17T18:01:54Z" finished-at="2020-03-17T18:02:13Z">
    <groups>
    </groups>
    <test name="Default test" duration-ms="18529" started-at="2020-03-17T18:01:54Z" finished-at="2020-03-17T18:02:13Z">
      <class name="com.amazon.ae.testcases.HomePageTest">
        <test-method status="PASS" signature="setExtent()[pri:0, instance:com.amazon.ae.testcases.HomePageTest@146ba0ac]" name="setExtent" is-config="true" duration-ms="115" started-at="2020-03-17T18:01:54Z" finished-at="2020-03-17T18:01:54Z">
          <reporter-output>
          </reporter-output>
        </test-method> <!-- setExtent -->
        <test-method status="PASS" signature="setup()[pri:0, instance:com.amazon.ae.testcases.HomePageTest@146ba0ac]" name="setup" is-config="true" duration-ms="16406" started-at="2020-03-17T18:01:55Z" finished-at="2020-03-17T18:02:11Z">
          <reporter-output>
          </reporter-output>
        </test-method> <!-- setup -->
        <test-method status="FAIL" signature="homePageTitleTest()[pri:0, instance:com.amazon.ae.testcases.HomePageTest@146ba0ac]" name="homePageTitleTest" duration-ms="27" started-at="2020-03-17T18:02:11Z" finished-at="2020-03-17T18:02:11Z">
          <exception class="java.lang.AssertionError">
            <message>
              <![CDATA[expected [Souq is now Amazon.aeee | Welcome to Amazon.ae Online Shopping for Electronics, Apparel, Computers, Grocery & more] but found [Souq is now Amazon.ae | Welcome to Amazon.ae Online Shopping for Electronics, Apparel, Computers, Grocery & more]]]>
            </message>
            <full-stacktrace>
              <![CDATA[java.lang.AssertionError: expected [Souq is now Amazon.aeee | Welcome to Amazon.ae Online Shopping for Electronics, Apparel, Computers, Grocery & more] but found [Souq is now Amazon.ae | Welcome to Amazon.ae Online Shopping for Electronics, Apparel, Computers, Grocery & more]
at org.testng.Assert.fail(Assert.java:96)
at org.testng.Assert.failNotEquals(Assert.java:776)
at org.testng.Assert.assertEqualsImpl(Assert.java:137)
at org.testng.Assert.assertEquals(Assert.java:118)
at org.testng.Assert.assertEquals(Assert.java:453)
at org.testng.Assert.assertEquals(Assert.java:463)
at com.amazon.ae.testcases.HomePageTest.homePageTitleTest(HomePageTest.java:87)
at sun.reflect.NativeMethodAccessorImpl.invoke0(Native Method)
at sun.reflect.NativeMethodAccessorImpl.invoke(NativeMethodAccessorImpl.java:62)
at sun.reflect.DelegatingMethodAccessorImpl.invoke(DelegatingMethodAccessorImpl.java:43)
at java.lang.reflect.Method.invoke(Method.java:498)
at org.testng.internal.MethodInvocationHelper.invokeMethod(MethodInvocationHelper.java:124)
at org.testng.internal.Invoker.invokeMethod(Invoker.java:583)
at org.testng.internal.Invoker.invokeTestMethod(Invoker.java:719)
at org.testng.internal.Invoker.invokeTestMethods(Invoker.java:989)
at org.testng.internal.TestMethodWorker.invokeTestMethods(TestMethodWorker.java:125)
at org.testng.internal.TestMethodWorker.run(TestMethodWorker.java:109)
at org.testng.TestRunner.privateRun(TestRunner.java:648)
at org.testng.TestRunner.run(TestRunner.java:505)
at org.testng.SuiteRunner.runTest(SuiteRunner.java:455)
at org.testng.SuiteRunner.runSequentially(SuiteRunner.java:450)
at org.testng.SuiteRunner.privateRun(SuiteRunner.java:415)
at org.testng.SuiteRunner.run(SuiteRunner.java:364)
at org.testng.SuiteRunnerWorker.runSuite(SuiteRunnerWorker.java:52)
at org.testng.SuiteRunnerWorker.run(SuiteRunnerWorker.java:84)
at org.testng.TestNG.runSuitesSequentially(TestNG.java:1208)
at org.testng.TestNG.runSuitesLocally(TestNG.java:1137)
at org.testng.TestNG.runSuites(TestNG.java:1049)
at org.testng.TestNG.run(TestNG.java:1017)
at org.testng.remote.AbstractRemoteTestNG.run(AbstractRemoteTestNG.java:114)
at org.testng.remote.RemoteTestNG.initAndRun(RemoteTestNG.java:251)
at org.testng.remote.RemoteTestNG.main(RemoteTestNG.java:77)
]]>
            </full-stacktrace>
          </exception> <!-- java.lang.AssertionError -->
          <reporter-output>
          </reporter-output>
        </test-method> <!-- homePageTitleTest -->
        <test-method status="PASS" signature="tearDown(org.testng.ITestResult)[pri:0, instance:com.amazon.ae.testcases.HomePageTest@146ba0ac]" name="tearDown" is-config="true" duration-ms="1709" started-at="2020-03-17T18:02:11Z" finished-at="2020-03-17T18:02:13Z">
          <params>
            <param index="0">
              <value>
                <![CDATA[[TestResult name=homePageTitleTest status=FAILURE method=HomePageTest.homePageTitleTest()[pri:0, instance:com.amazon.ae.testcases.HomePageTest@146ba0ac] output={null}]]]>
              </value>
            </param>
          </params>
          <reporter-output>
          </reporter-output>
        </test-method> <!-- tearDown -->
        <test-method status="PASS" signature="endReport()[pri:0, instance:com.amazon.ae.testcases.HomePageTest@146ba0ac]" name="endReport" is-config="true" duration-ms="254" started-at="2020-03-17T18:02:13Z" finished-at="2020-03-17T18:02:13Z">
          <reporter-output>
          </reporter-output>
        </test-method> <!-- endReport -->
      </class> <!-- com.amazon.ae.testcases.HomePageTest -->
    </test> <!-- Default test -->
  </suite> <!-- Default suite -->
</testng-results>
