<?xml version="1.0" encoding="UTF-8"?>
<!-- Generated by org.testng.reporters.JUnitReportReporter -->
<testsuite skipped="3" hostname="DESKTOP-11R3298" name="com.amazon.ae.testcases.HomePageTest" tests="4" failures="1" timestamp="17 Mar 2020 18:38:48 GMT" time="18.360" errors="0">
  <testcase name="homePageTitleTest" time="18.360" classname="com.amazon.ae.testcases.HomePageTest">
    <failure type="java.lang.AssertionError" message="expected [Souq is now Amazon.aeee | Welcome to Amazon.ae Online Shopping for Electronics, Apparel, Computers, Grocery &amp; more] but found [Souq is now Amazon.ae | Welcome to Amazon.ae Online Shopping for Electronics, Apparel, Computers, Grocery &amp; more]">
      <![CDATA[java.lang.AssertionError: expected [Souq is now Amazon.aeee | Welcome to Amazon.ae Online Shopping for Electronics, Apparel, Computers, Grocery & more] but found [Souq is now Amazon.ae | Welcome to Amazon.ae Online Shopping for Electronics, Apparel, Computers, Grocery & more]
at org.testng.Assert.fail(Assert.java:96)
at org.testng.Assert.failNotEquals(Assert.java:776)
at org.testng.Assert.assertEqualsImpl(Assert.java:137)
at org.testng.Assert.assertEquals(Assert.java:118)
at org.testng.Assert.assertEquals(Assert.java:453)
at org.testng.Assert.assertEquals(Assert.java:463)
at com.amazon.ae.testcases.HomePageTest.homePageTitleTest(HomePageTest.java:87)
at sun.reflect.NativeMethodAccessorImpl.invoke0(Native Method)
at sun.reflect.NativeMethodAccessorImpl.invoke(NativeMethodAccessorImpl.java:62)
at sun.reflect.DelegatingMethodAccessorImpl.invoke(DelegatingMethodAccessorImpl.java:43)
at java.lang.reflect.Method.invoke(Method.java:498)
at org.testng.internal.MethodInvocationHelper.invokeMethod(MethodInvocationHelper.java:124)
at org.testng.internal.Invoker.invokeMethod(Invoker.java:583)
at org.testng.internal.Invoker.invokeTestMethod(Invoker.java:719)
at org.testng.internal.Invoker.invokeTestMethods(Invoker.java:989)
at org.testng.internal.TestMethodWorker.invokeTestMethods(TestMethodWorker.java:125)
at org.testng.internal.TestMethodWorker.run(TestMethodWorker.java:109)
at org.testng.TestRunner.privateRun(TestRunner.java:648)
at org.testng.TestRunner.run(TestRunner.java:505)
at org.testng.SuiteRunner.runTest(SuiteRunner.java:455)
at org.testng.SuiteRunner.runSequentially(SuiteRunner.java:450)
at org.testng.SuiteRunner.privateRun(SuiteRunner.java:415)
at org.testng.SuiteRunner.run(SuiteRunner.java:364)
at org.testng.SuiteRunnerWorker.runSuite(SuiteRunnerWorker.java:52)
at org.testng.SuiteRunnerWorker.run(SuiteRunnerWorker.java:84)
at org.testng.TestNG.runSuitesSequentially(TestNG.java:1208)
at org.testng.TestNG.runSuitesLocally(TestNG.java:1137)
at org.testng.TestNG.runSuites(TestNG.java:1049)
at org.testng.TestNG.run(TestNG.java:1017)
at org.testng.remote.AbstractRemoteTestNG.run(AbstractRemoteTestNG.java:114)
at org.testng.remote.RemoteTestNG.initAndRun(RemoteTestNG.java:251)
at org.testng.remote.RemoteTestNG.main(RemoteTestNG.java:77)
]]>
    </failure>
  </testcase> <!-- homePageTitleTest -->
  <testcase name="verifySearchByText" classname="com.amazon.ae.testcases.HomePageTest">
    <skipped/>
  </testcase> <!-- verifySearchByText -->
  <testcase name="validateUserNameTextTest" classname="com.amazon.ae.testcases.HomePageTest">
    <skipped/>
  </testcase> <!-- validateUserNameTextTest -->
  <testcase name="verifyBestSellersLinkTest" classname="com.amazon.ae.testcases.HomePageTest">
    <skipped/>
  </testcase> <!-- verifyBestSellersLinkTest -->
</testsuite> <!-- com.amazon.ae.testcases.HomePageTest -->
